Command Line Args: Namespace(config_file='configs/PascalVOC-detection/split3/faster_rcnn_R_101_FPN_ETF_distill3_10shot.yaml', dist_url='tcp://127.0.0.1:49152', end_iter=-1, eval_all=False, eval_during_train=False, eval_iter=-1, eval_only=False, machine_rank=0, num_gpus=2, num_machines=1, opts=None, resume=False, start_iter=-1)
Logging modification for finetuning
[11/19 11:48:47 detectron2]: Rank of current process: 0. World size: 2
[11/19 11:48:47 detectron2]: Command line arguments: Namespace(config_file='configs/PascalVOC-detection/split3/faster_rcnn_R_101_FPN_ETF_distill3_10shot.yaml', dist_url='tcp://127.0.0.1:49152', end_iter=-1, eval_all=False, eval_during_train=False, eval_iter=-1, eval_only=False, machine_rank=0, num_gpus=2, num_machines=1, opts=None, resume=False, start_iter=-1)
[11/19 11:48:47 detectron2]: Contents of args.config_file=configs/PascalVOC-detection/split3/faster_rcnn_R_101_FPN_ETF_distill3_10shot.yaml:
_BASE_: "faster_rcnn_R_101_FPN_ETF_pre3_10shot.yaml"


MODEL:
  META_ARCHITECTURE: "ContrastiveGeneralizedRCNN"  # 使用我们新定义的对比学习架构
  TEACHER_WEIGHT: "/root/autodl-tmp/checkpoints/voc/prior/ETFRes_pre3_10shot_lr20_adj7.0_rfs1.0_t1/model_final.pth"
  BACKBONE:
    FREEZE_AT: 3
  PROPOSAL_GENERATOR:
    FREEZE: True
  ROI_HEADS:
    NAME: "DistillMarginROIHeads"
  USE_CONTRASTIVE: True  # 启用对比学习
  CONTRASTIVE_WEIGHT: 0.003  # 对比损失的权重
  IS_DISTILL: True
LOSS:
  ADJUST_STAGE: 'distill'
SOLVER:
  BASE_LR: 0.02
# Using 0.04 is slightly better than 0.02
OUTPUT_DIR: "/root/autodl-tmp/checkpoints/voc/distill/t1"
TRAIN:
  CACHE_UPDATE_INTERVAL: 1000
[11/19 11:48:47 detectron2]: Full config saved to /root/autodl-tmp/ETFRes_distill3_10shot_lr20_t1/config.yaml
preset seed 0
/root/autodl-tmp/checkpoints/voc/prior/ETFRes_pre3_10shot_lr20_adj7.0_rfs1.0_t1/model_clean_student.pth
[11/19 11:48:47 fsdet.modeling.roi_heads.fast_rcnn]: ETF Residusl True
[11/19 11:48:47 fsdet.modeling.roi_heads.fast_rcnn]: ETF Residusl True
froze proposal generator parameters
Frozen backbone bottom_up layers up to layer 3
Logging names for 5 novel classes:  ['boat', 'cat', 'motorbike', 'sheep', 'sofa']
[11/19 11:48:49 d2.data.build]: Removed 2233 images with no usable annotations. 14368 images left.
[11/19 11:48:49 d2.data.build]: Distribution of instances among all 20 categories:
|  category   | #instances   |  category  | #instances   |  category   | #instances   |
|:-----------:|:-------------|:----------:|:-------------|:-----------:|:-------------|
|  aeroplane  | 1285         |  bicycle   | 1208         |    bird     | 1820         |
|   bottle    | 2116         |    bus     | 909          |     car     | 4008         |
|    chair    | 4338         |    cow     | 1058         | diningtable | 1057         |
|     dog     | 2079         |   horse    | 1156         |   person    | 15576        |
| pottedplant | 1724         |   train    | 984          |  tvmonitor  | 1193         |
|    boat     | 10           |    cat     | 10           |  motorbike  | 10           |
|    sheep    | 10           |    sofa    | 10           |             |              |
|    total    | 40561        |            |              |             |              |
[11/19 11:48:49 d2.data.dataset_mapper]: [DatasetMapper] Augmentations used in training: [ResizeShortestEdge(short_edge_length=(480, 512, 544, 576, 608, 640, 672, 704, 736, 768, 800), max_size=1333, sample_style='choice'), RandomFlip()]
[11/19 11:48:49 d2.data.build]: Using training sampler RepeatFactorTrainingSampler
[11/19 11:48:49 d2.data.common]: Serializing 14368 elements to byte tensors and concatenating them all ...
[11/19 11:48:50 d2.data.common]: Serialized dataset takes 6.54 MiB
[11/19 11:48:50 fvcore.common.checkpoint]: [Checkpointer] Loading from /root/autodl-tmp/checkpoints/voc/prior/ETFRes_pre3_10shot_lr20_adj7.0_rfs1.0_t1/model_clean_student.pth ...
Logging modification for finetuning
preset seed 0
/root/autodl-tmp/checkpoints/voc/prior/ETFRes_pre3_10shot_lr20_adj7.0_rfs1.0_t1/model_clean_student.pth
froze proposal generator parameters
Frozen backbone bottom_up layers up to layer 3
Logging names for 5 novel classes:  ['boat', 'cat', 'motorbike', 'sheep', 'sofa']
[11/19 11:48:50 d2.engine.train_loop]: Starting training from iteration 1
[W reducer.cpp:1158] Warning: find_unused_parameters=True was specified in DDP constructor, but did not find any unused parameters in the forward pass. This flag results in an extra traversal of the autograd graph every iteration,  which can adversely affect performance. If your model indeed never has any unused parameters in the forward pass, consider turning this flag off. Note that this warning may be a false positive if your model has flow control causing later iterations to have unused parameters. (function operator())
[W reducer.cpp:1158] Warning: find_unused_parameters=True was specified in DDP constructor, but did not find any unused parameters in the forward pass. This flag results in an extra traversal of the autograd graph every iteration,  which can adversely affect performance. If your model indeed never has any unused parameters in the forward pass, consider turning this flag off. Note that this warning may be a false positive if your model has flow control causing later iterations to have unused parameters. (function operator())
[11/19 11:49:23 d2.utils.events]:  eta: 4:10:27  iter: 19  total_loss: 2.714  loss_cls: 0.04512  loss_box_reg: 0.1434  loss_rpn_cls: 0.006369  loss_rpn_loc: 0.01884  contrastive_loss: 2.423  time: 0.7737  data_time: 0.3364  lr: 0.0018182  max_mem: 12321M
[11/19 11:49:38 d2.utils.events]:  eta: 4:08:34  iter: 39  total_loss: 1.104  loss_cls: 0.1212  loss_box_reg: 0.2075  loss_rpn_cls: 0.02536  loss_rpn_loc: 0.0259  contrastive_loss: 0.7053  time: 0.7509  data_time: 0.0232  lr: 0.0038162  max_mem: 12321M
[11/19 11:49:52 d2.utils.events]:  eta: 4:08:00  iter: 59  total_loss: 0.6067  loss_cls: 0.07656  loss_box_reg: 0.1635  loss_rpn_cls: 0.02379  loss_rpn_loc: 0.01845  contrastive_loss: 0.3414  time: 0.7452  data_time: 0.0274  lr: 0.0058142  max_mem: 12321M
[11/19 11:50:07 d2.utils.events]:  eta: 4:06:02  iter: 79  total_loss: 0.4758  loss_cls: 0.06775  loss_box_reg: 0.146  loss_rpn_cls: 0.01032  loss_rpn_loc: 0.01945  contrastive_loss: 0.2447  time: 0.7412  data_time: 0.0256  lr: 0.0078122  max_mem: 12321M
[11/19 11:50:22 d2.utils.events]:  eta: 4:07:30  iter: 99  total_loss: 0.5345  loss_cls: 0.09587  loss_box_reg: 0.1913  loss_rpn_cls: 0.01426  loss_rpn_loc: 0.02022  contrastive_loss: 0.2222  time: 0.7448  data_time: 0.0289  lr: 0.0098102  max_mem: 12321M
[11/19 11:50:37 d2.utils.events]:  eta: 4:07:15  iter: 119  total_loss: 0.5013  loss_cls: 0.07895  loss_box_reg: 0.1606  loss_rpn_cls: 0.01444  loss_rpn_loc: 0.02004  contrastive_loss: 0.2106  time: 0.7462  data_time: 0.0296  lr: 0.011808  max_mem: 12321M
[11/19 11:50:52 d2.utils.events]:  eta: 4:07:51  iter: 139  total_loss: 0.4483  loss_cls: 0.08347  loss_box_reg: 0.1708  loss_rpn_cls: 0.01386  loss_rpn_loc: 0.01943  contrastive_loss: 0.1509  time: 0.7475  data_time: 0.0280  lr: 0.013806  max_mem: 12849M
[11/19 11:51:08 d2.utils.events]:  eta: 4:07:47  iter: 159  total_loss: 0.4834  loss_cls: 0.09635  loss_box_reg: 0.1754  loss_rpn_cls: 0.01206  loss_rpn_loc: 0.01752  contrastive_loss: 0.1738  time: 0.7508  data_time: 0.0266  lr: 0.015804  max_mem: 12850M
[11/19 11:51:24 d2.utils.events]:  eta: 4:07:37  iter: 179  total_loss: 0.4709  loss_cls: 0.08976  loss_box_reg: 0.16  loss_rpn_cls: 0.01373  loss_rpn_loc: 0.01906  contrastive_loss: 0.1758  time: 0.7577  data_time: 0.0317  lr: 0.017802  max_mem: 12850M
[11/19 11:51:39 d2.utils.events]:  eta: 4:07:17  iter: 199  total_loss: 0.4964  loss_cls: 0.0909  loss_box_reg: 0.1634  loss_rpn_cls: 0.01197  loss_rpn_loc: 0.0199  contrastive_loss: 0.1978  time: 0.7578  data_time: 0.0278  lr: 0.0198  max_mem: 12850M
[11/19 11:51:55 d2.utils.events]:  eta: 4:07:02  iter: 219  total_loss: 0.4851  loss_cls: 0.0872  loss_box_reg: 0.165  loss_rpn_cls: 0.02538  loss_rpn_loc: 0.01965  contrastive_loss: 0.1632  time: 0.7603  data_time: 0.0286  lr: 0.02  max_mem: 12852M
[11/19 11:52:10 d2.utils.events]:  eta: 4:06:47  iter: 239  total_loss: 0.4985  loss_cls: 0.08177  loss_box_reg: 0.1633  loss_rpn_cls: 0.0235  loss_rpn_loc: 0.02084  contrastive_loss: 0.1996  time: 0.7585  data_time: 0.0256  lr: 0.02  max_mem: 12852M
[11/19 11:52:24 d2.utils.events]:  eta: 4:06:28  iter: 259  total_loss: 0.493  loss_cls: 0.09182  loss_box_reg: 0.1595  loss_rpn_cls: 0.02074  loss_rpn_loc: 0.02573  contrastive_loss: 0.1603  time: 0.7565  data_time: 0.0250  lr: 0.02  max_mem: 12852M
[11/19 11:52:39 d2.utils.events]:  eta: 4:06:13  iter: 279  total_loss: 0.4532  loss_cls: 0.0994  loss_box_reg: 0.1902  loss_rpn_cls: 0.01316  loss_rpn_loc: 0.02392  contrastive_loss: 0.1546  time: 0.7563  data_time: 0.0285  lr: 0.02  max_mem: 12852M
[11/19 11:52:54 d2.utils.events]:  eta: 4:06:02  iter: 299  total_loss: 0.4207  loss_cls: 0.09363  loss_box_reg: 0.18  loss_rpn_cls: 0.01136  loss_rpn_loc: 0.01771  contrastive_loss: 0.1277  time: 0.7560  data_time: 0.0276  lr: 0.02  max_mem: 12852M
[11/19 11:53:09 d2.utils.events]:  eta: 4:05:38  iter: 319  total_loss: 0.4343  loss_cls: 0.08842  loss_box_reg: 0.1813  loss_rpn_cls: 0.01284  loss_rpn_loc: 0.01958  contrastive_loss: 0.1194  time: 0.7548  data_time: 0.0281  lr: 0.02  max_mem: 12852M
[11/19 11:53:25 d2.utils.events]:  eta: 4:05:37  iter: 339  total_loss: 0.3701  loss_cls: 0.07875  loss_box_reg: 0.1622  loss_rpn_cls: 0.009222  loss_rpn_loc: 0.01629  contrastive_loss: 0.1058  time: 0.7553  data_time: 0.0280  lr: 0.02  max_mem: 12852M
[11/19 11:53:39 d2.utils.events]:  eta: 4:05:08  iter: 359  total_loss: 0.4066  loss_cls: 0.07547  loss_box_reg: 0.1535  loss_rpn_cls: 0.0128  loss_rpn_loc: 0.01575  contrastive_loss: 0.1265  time: 0.7537  data_time: 0.0232  lr: 0.02  max_mem: 12852M
[11/19 11:53:54 d2.utils.events]:  eta: 4:05:02  iter: 379  total_loss: 0.4087  loss_cls: 0.07825  loss_box_reg: 0.1732  loss_rpn_cls: 0.01159  loss_rpn_loc: 0.01753  contrastive_loss: 0.1124  time: 0.7532  data_time: 0.0246  lr: 0.02  max_mem: 12852M
[11/19 11:54:09 d2.utils.events]:  eta: 4:04:47  iter: 399  total_loss: 0.3705  loss_cls: 0.07357  loss_box_reg: 0.1516  loss_rpn_cls: 0.00976  loss_rpn_loc: 0.01688  contrastive_loss: 0.09993  time: 0.7528  data_time: 0.0252  lr: 0.02  max_mem: 12852M
[11/19 11:54:24 d2.utils.events]:  eta: 4:04:40  iter: 419  total_loss: 0.3416  loss_cls: 0.07014  loss_box_reg: 0.1469  loss_rpn_cls: 0.00765  loss_rpn_loc: 0.01645  contrastive_loss: 0.09864  time: 0.7533  data_time: 0.0251  lr: 0.02  max_mem: 12852M
[11/19 11:54:39 d2.utils.events]:  eta: 4:04:13  iter: 439  total_loss: 0.3564  loss_cls: 0.07687  loss_box_reg: 0.166  loss_rpn_cls: 0.008105  loss_rpn_loc: 0.01523  contrastive_loss: 0.08603  time: 0.7521  data_time: 0.0248  lr: 0.02  max_mem: 12852M
[11/19 11:54:54 d2.utils.events]:  eta: 4:04:07  iter: 459  total_loss: 0.3716  loss_cls: 0.07181  loss_box_reg: 0.1736  loss_rpn_cls: 0.008442  loss_rpn_loc: 0.01979  contrastive_loss: 0.1001  time: 0.7528  data_time: 0.0232  lr: 0.02  max_mem: 12852M
[11/19 11:55:09 d2.utils.events]:  eta: 4:03:52  iter: 479  total_loss: 0.3588  loss_cls: 0.06599  loss_box_reg: 0.1622  loss_rpn_cls: 0.009047  loss_rpn_loc: 0.01841  contrastive_loss: 0.09291  time: 0.7529  data_time: 0.0274  lr: 0.02  max_mem: 12852M
[11/19 11:55:24 d2.utils.events]:  eta: 4:03:24  iter: 499  total_loss: 0.3766  loss_cls: 0.07543  loss_box_reg: 0.1689  loss_rpn_cls: 0.01059  loss_rpn_loc: 0.01881  contrastive_loss: 0.08977  time: 0.7523  data_time: 0.0280  lr: 0.02  max_mem: 12852M
[11/19 11:55:39 d2.utils.events]:  eta: 4:03:06  iter: 519  total_loss: 0.3546  loss_cls: 0.07138  loss_box_reg: 0.1739  loss_rpn_cls: 0.00925  loss_rpn_loc: 0.0173  contrastive_loss: 0.08041  time: 0.7517  data_time: 0.0267  lr: 0.02  max_mem: 12852M
[11/19 11:55:54 d2.utils.events]:  eta: 4:02:53  iter: 539  total_loss: 0.3539  loss_cls: 0.0702  loss_box_reg: 0.1648  loss_rpn_cls: 0.009144  loss_rpn_loc: 0.01779  contrastive_loss: 0.0816  time: 0.7518  data_time: 0.0261  lr: 0.02  max_mem: 12852M
[11/19 11:56:09 d2.utils.events]:  eta: 4:02:43  iter: 559  total_loss: 0.3168  loss_cls: 0.06455  loss_box_reg: 0.1597  loss_rpn_cls: 0.008126  loss_rpn_loc: 0.0175  contrastive_loss: 0.0684  time: 0.7515  data_time: 0.0269  lr: 0.02  max_mem: 12852M
[11/19 11:56:24 d2.utils.events]:  eta: 4:02:37  iter: 579  total_loss: 0.3448  loss_cls: 0.06946  loss_box_reg: 0.151  loss_rpn_cls: 0.007593  loss_rpn_loc: 0.01633  contrastive_loss: 0.09715  time: 0.7526  data_time: 0.0233  lr: 0.02  max_mem: 12852M
[11/19 11:56:41 d2.utils.events]:  eta: 4:02:32  iter: 599  total_loss: 0.3668  loss_cls: 0.07022  loss_box_reg: 0.1584  loss_rpn_cls: 0.0107  loss_rpn_loc: 0.01981  contrastive_loss: 0.09718  time: 0.7549  data_time: 0.0251  lr: 0.02  max_mem: 12852M
[11/19 11:56:57 d2.utils.events]:  eta: 4:02:24  iter: 619  total_loss: 0.3334  loss_cls: 0.07144  loss_box_reg: 0.1665  loss_rpn_cls: 0.009089  loss_rpn_loc: 0.01729  contrastive_loss: 0.07488  time: 0.7562  data_time: 0.0257  lr: 0.02  max_mem: 12852M
[11/19 11:57:12 d2.utils.events]:  eta: 4:02:21  iter: 639  total_loss: 0.4124  loss_cls: 0.09176  loss_box_reg: 0.1923  loss_rpn_cls: 0.01271  loss_rpn_loc: 0.02354  contrastive_loss: 0.07323  time: 0.7563  data_time: 0.0251  lr: 0.02  max_mem: 12852M
[11/19 11:57:27 d2.utils.events]:  eta: 4:02:18  iter: 659  total_loss: 0.3782  loss_cls: 0.08376  loss_box_reg: 0.1722  loss_rpn_cls: 0.01045  loss_rpn_loc: 0.01944  contrastive_loss: 0.08427  time: 0.7564  data_time: 0.0284  lr: 0.02  max_mem: 12852M
[11/19 11:57:42 d2.utils.events]:  eta: 4:02:04  iter: 679  total_loss: 0.3606  loss_cls: 0.07269  loss_box_reg: 0.1592  loss_rpn_cls: 0.01025  loss_rpn_loc: 0.01886  contrastive_loss: 0.08979  time: 0.7568  data_time: 0.0280  lr: 0.02  max_mem: 12852M
[11/19 11:57:58 d2.utils.events]:  eta: 4:01:48  iter: 699  total_loss: 0.3424  loss_cls: 0.07108  loss_box_reg: 0.16  loss_rpn_cls: 0.009045  loss_rpn_loc: 0.01735  contrastive_loss: 0.07295  time: 0.7569  data_time: 0.0234  lr: 0.02  max_mem: 12852M
[11/19 11:58:13 d2.utils.events]:  eta: 4:01:34  iter: 719  total_loss: 0.3221  loss_cls: 0.06539  loss_box_reg: 0.1498  loss_rpn_cls: 0.008876  loss_rpn_loc: 0.01603  contrastive_loss: 0.07693  time: 0.7570  data_time: 0.0246  lr: 0.02  max_mem: 12852M
[11/19 11:58:28 d2.utils.events]:  eta: 4:01:18  iter: 739  total_loss: 0.3203  loss_cls: 0.0633  loss_box_reg: 0.1629  loss_rpn_cls: 0.00988  loss_rpn_loc: 0.01599  contrastive_loss: 0.07087  time: 0.7572  data_time: 0.0251  lr: 0.02  max_mem: 12852M
[11/19 11:58:43 d2.utils.events]:  eta: 4:01:04  iter: 759  total_loss: 0.3331  loss_cls: 0.07307  loss_box_reg: 0.1527  loss_rpn_cls: 0.009833  loss_rpn_loc: 0.01755  contrastive_loss: 0.06263  time: 0.7570  data_time: 0.0275  lr: 0.02  max_mem: 12852M
[11/19 11:58:59 d2.utils.events]:  eta: 4:00:58  iter: 779  total_loss: 0.3254  loss_cls: 0.07642  loss_box_reg: 0.1594  loss_rpn_cls: 0.01166  loss_rpn_loc: 0.01601  contrastive_loss: 0.06873  time: 0.7581  data_time: 0.0249  lr: 0.02  max_mem: 12852M
[11/19 11:59:14 d2.utils.events]:  eta: 4:00:44  iter: 799  total_loss: 0.3404  loss_cls: 0.07847  loss_box_reg: 0.1613  loss_rpn_cls: 0.01559  loss_rpn_loc: 0.02222  contrastive_loss: 0.07082  time: 0.7582  data_time: 0.0285  lr: 0.02  max_mem: 12852M
[11/19 11:59:29 d2.utils.events]:  eta: 4:00:19  iter: 819  total_loss: 0.3791  loss_cls: 0.08279  loss_box_reg: 0.1821  loss_rpn_cls: 0.01112  loss_rpn_loc: 0.02037  contrastive_loss: 0.07263  time: 0.7576  data_time: 0.0239  lr: 0.02  max_mem: 12852M
[11/19 11:59:44 d2.utils.events]:  eta: 4:00:03  iter: 839  total_loss: 0.3491  loss_cls: 0.07576  loss_box_reg: 0.1733  loss_rpn_cls: 0.008472  loss_rpn_loc: 0.01453  contrastive_loss: 0.07638  time: 0.7572  data_time: 0.0228  lr: 0.02  max_mem: 12852M
[11/19 11:59:59 d2.utils.events]:  eta: 3:59:48  iter: 859  total_loss: 0.3171  loss_cls: 0.06373  loss_box_reg: 0.1534  loss_rpn_cls: 0.007669  loss_rpn_loc: 0.01535  contrastive_loss: 0.06947  time: 0.7569  data_time: 0.0204  lr: 0.02  max_mem: 12852M
[11/19 12:00:14 d2.utils.events]:  eta: 3:59:31  iter: 879  total_loss: 0.3088  loss_cls: 0.0657  loss_box_reg: 0.1477  loss_rpn_cls: 0.007898  loss_rpn_loc: 0.01662  contrastive_loss: 0.07234  time: 0.7569  data_time: 0.0235  lr: 0.02  max_mem: 12852M
[11/19 12:00:29 d2.utils.events]:  eta: 3:59:16  iter: 899  total_loss: 0.3217  loss_cls: 0.07073  loss_box_reg: 0.1594  loss_rpn_cls: 0.0124  loss_rpn_loc: 0.01789  contrastive_loss: 0.06788  time: 0.7566  data_time: 0.0235  lr: 0.02  max_mem: 12852M
[11/19 12:00:44 d2.utils.events]:  eta: 3:59:01  iter: 919  total_loss: 0.3535  loss_cls: 0.07778  loss_box_reg: 0.1723  loss_rpn_cls: 0.009902  loss_rpn_loc: 0.01937  contrastive_loss: 0.06043  time: 0.7562  data_time: 0.0239  lr: 0.02  max_mem: 12852M
[11/19 12:00:59 d2.utils.events]:  eta: 3:58:46  iter: 939  total_loss: 0.3171  loss_cls: 0.06745  loss_box_reg: 0.1492  loss_rpn_cls: 0.006541  loss_rpn_loc: 0.01862  contrastive_loss: 0.06503  time: 0.7564  data_time: 0.0262  lr: 0.02  max_mem: 12852M
[11/19 12:01:14 d2.utils.events]:  eta: 3:58:24  iter: 959  total_loss: 0.315  loss_cls: 0.07044  loss_box_reg: 0.1623  loss_rpn_cls: 0.007989  loss_rpn_loc: 0.01633  contrastive_loss: 0.05681  time: 0.7561  data_time: 0.0234  lr: 0.02  max_mem: 12852M
[11/19 12:01:29 d2.utils.events]:  eta: 3:58:06  iter: 979  total_loss: 0.3094  loss_cls: 0.06941  loss_box_reg: 0.1478  loss_rpn_cls: 0.008901  loss_rpn_loc: 0.01639  contrastive_loss: 0.05979  time: 0.7558  data_time: 0.0244  lr: 0.02  max_mem: 12852M
[11/19 12:01:44 d2.utils.events]:  eta: 3:57:51  iter: 999  total_loss: 0.3048  loss_cls: 0.06334  loss_box_reg: 0.1496  loss_rpn_cls: 0.008553  loss_rpn_loc: 0.02112  contrastive_loss: 0.05491  time: 0.7557  data_time: 0.0260  lr: 0.02  max_mem: 12852M
[11/19 12:02:01 d2.utils.events]:  eta: 3:57:35  iter: 1019  total_loss: 1.25  loss_cls: 0.08311  loss_box_reg: 0.1484  loss_rpn_cls: 0.05078  loss_rpn_loc: 0.01983  contrastive_loss: 0.777  time: 0.7584  data_time: 0.0261  lr: 0.02  max_mem: 12934M
[11/19 12:02:17 d2.utils.events]:  eta: 3:57:32  iter: 1039  total_loss: 0.5116  loss_cls: 0.07954  loss_box_reg: 0.1565  loss_rpn_cls: 0.02165  loss_rpn_loc: 0.01907  contrastive_loss: 0.1876  time: 0.7585  data_time: 0.0253  lr: 0.02  max_mem: 12937M
[11/19 12:02:33 d2.utils.events]:  eta: 3:57:28  iter: 1059  total_loss: 0.4611  loss_cls: 0.06472  loss_box_reg: 0.1372  loss_rpn_cls: 0.04029  loss_rpn_loc: 0.01859  contrastive_loss: 0.1698  time: 0.7593  data_time: 0.0240  lr: 0.02  max_mem: 12937M
[11/19 12:02:48 d2.utils.events]:  eta: 3:57:17  iter: 1079  total_loss: 0.3822  loss_cls: 0.05484  loss_box_reg: 0.1401  loss_rpn_cls: 0.01728  loss_rpn_loc: 0.01731  contrastive_loss: 0.1369  time: 0.7590  data_time: 0.0234  lr: 0.02  max_mem: 12937M
[11/19 12:03:03 d2.utils.events]:  eta: 3:57:01  iter: 1099  total_loss: 0.3863  loss_cls: 0.06053  loss_box_reg: 0.1355  loss_rpn_cls: 0.01193  loss_rpn_loc: 0.01889  contrastive_loss: 0.1317  time: 0.7595  data_time: 0.0219  lr: 0.02  max_mem: 12937M
[11/19 12:03:19 d2.utils.events]:  eta: 3:56:45  iter: 1119  total_loss: 0.3791  loss_cls: 0.06742  loss_box_reg: 0.1731  loss_rpn_cls: 0.008524  loss_rpn_loc: 0.0193  contrastive_loss: 0.09942  time: 0.7599  data_time: 0.0236  lr: 0.02  max_mem: 12937M
[11/19 12:03:34 d2.utils.events]:  eta: 3:56:29  iter: 1139  total_loss: 0.3253  loss_cls: 0.06017  loss_box_reg: 0.1529  loss_rpn_cls: 0.008561  loss_rpn_loc: 0.02015  contrastive_loss: 0.08706  time: 0.7596  data_time: 0.0215  lr: 0.02  max_mem: 12937M
[11/19 12:03:48 d2.utils.events]:  eta: 3:56:03  iter: 1159  total_loss: 0.2884  loss_cls: 0.05599  loss_box_reg: 0.1417  loss_rpn_cls: 0.008216  loss_rpn_loc: 0.01715  contrastive_loss: 0.05196  time: 0.7589  data_time: 0.0229  lr: 0.02  max_mem: 12937M
[11/19 12:04:03 d2.utils.events]:  eta: 3:55:47  iter: 1179  total_loss: 0.2741  loss_cls: 0.05125  loss_box_reg: 0.1491  loss_rpn_cls: 0.008799  loss_rpn_loc: 0.01815  contrastive_loss: 0.0484  time: 0.7585  data_time: 0.0212  lr: 0.02  max_mem: 12937M
[11/19 12:04:18 d2.utils.events]:  eta: 3:55:33  iter: 1199  total_loss: 0.3002  loss_cls: 0.06432  loss_box_reg: 0.1624  loss_rpn_cls: 0.008542  loss_rpn_loc: 0.01869  contrastive_loss: 0.04489  time: 0.7586  data_time: 0.0245  lr: 0.02  max_mem: 12937M
[11/19 12:04:33 d2.utils.events]:  eta: 3:55:18  iter: 1219  total_loss: 0.2936  loss_cls: 0.06064  loss_box_reg: 0.1389  loss_rpn_cls: 0.01245  loss_rpn_loc: 0.01791  contrastive_loss: 0.06892  time: 0.7586  data_time: 0.0294  lr: 0.02  max_mem: 12937M
[11/19 12:04:49 d2.utils.events]:  eta: 3:55:05  iter: 1239  total_loss: 0.2501  loss_cls: 0.04604  loss_box_reg: 0.1175  loss_rpn_cls: 0.007196  loss_rpn_loc: 0.0156  contrastive_loss: 0.04879  time: 0.7587  data_time: 0.0285  lr: 0.02  max_mem: 12937M
[11/19 12:05:04 d2.utils.events]:  eta: 3:54:58  iter: 1259  total_loss: 0.2694  loss_cls: 0.06324  loss_box_reg: 0.1564  loss_rpn_cls: 0.007369  loss_rpn_loc: 0.0162  contrastive_loss: 0.02938  time: 0.7589  data_time: 0.0285  lr: 0.02  max_mem: 12937M
[11/19 12:05:19 d2.utils.events]:  eta: 3:54:43  iter: 1279  total_loss: 0.2467  loss_cls: 0.05623  loss_box_reg: 0.1374  loss_rpn_cls: 0.00902  loss_rpn_loc: 0.01494  contrastive_loss: 0.03637  time: 0.7584  data_time: 0.0248  lr: 0.02  max_mem: 12937M
[11/19 12:05:34 d2.utils.events]:  eta: 3:54:20  iter: 1299  total_loss: 0.31  loss_cls: 0.06029  loss_box_reg: 0.1554  loss_rpn_cls: 0.01155  loss_rpn_loc: 0.01895  contrastive_loss: 0.04898  time: 0.7584  data_time: 0.0238  lr: 0.02  max_mem: 12937M
[11/19 12:05:50 d2.utils.events]:  eta: 3:54:13  iter: 1319  total_loss: 0.28  loss_cls: 0.06352  loss_box_reg: 0.1536  loss_rpn_cls: 0.009899  loss_rpn_loc: 0.0184  contrastive_loss: 0.03405  time: 0.7588  data_time: 0.0249  lr: 0.02  max_mem: 12937M
[11/19 12:06:05 d2.utils.events]:  eta: 3:53:47  iter: 1339  total_loss: 0.2661  loss_cls: 0.06006  loss_box_reg: 0.1508  loss_rpn_cls: 0.008738  loss_rpn_loc: 0.02082  contrastive_loss: 0.02635  time: 0.7588  data_time: 0.0225  lr: 0.02  max_mem: 12937M
[11/19 12:06:19 d2.utils.events]:  eta: 3:53:33  iter: 1359  total_loss: 0.261  loss_cls: 0.05981  loss_box_reg: 0.1483  loss_rpn_cls: 0.008597  loss_rpn_loc: 0.01829  contrastive_loss: 0.02401  time: 0.7583  data_time: 0.0239  lr: 0.02  max_mem: 12937M
[11/19 12:06:34 d2.utils.events]:  eta: 3:53:17  iter: 1379  total_loss: 0.2776  loss_cls: 0.06127  loss_box_reg: 0.1676  loss_rpn_cls: 0.009524  loss_rpn_loc: 0.01868  contrastive_loss: 0.02426  time: 0.7583  data_time: 0.0263  lr: 0.02  max_mem: 12937M
[11/19 12:06:50 d2.utils.events]:  eta: 3:53:02  iter: 1399  total_loss: 0.2487  loss_cls: 0.05588  loss_box_reg: 0.1471  loss_rpn_cls: 0.006279  loss_rpn_loc: 0.01584  contrastive_loss: 0.02125  time: 0.7586  data_time: 0.0247  lr: 0.02  max_mem: 12937M
[11/19 12:07:05 d2.utils.events]:  eta: 3:52:38  iter: 1419  total_loss: 0.2797  loss_cls: 0.05441  loss_box_reg: 0.1498  loss_rpn_cls: 0.007467  loss_rpn_loc: 0.0157  contrastive_loss: 0.03493  time: 0.7582  data_time: 0.0297  lr: 0.02  max_mem: 12937M
[11/19 12:07:20 d2.utils.events]:  eta: 3:52:23  iter: 1439  total_loss: 0.2554  loss_cls: 0.05505  loss_box_reg: 0.1443  loss_rpn_cls: 0.006394  loss_rpn_loc: 0.01674  contrastive_loss: 0.02915  time: 0.7580  data_time: 0.0324  lr: 0.02  max_mem: 12937M
[11/19 12:07:34 d2.utils.events]:  eta: 3:52:05  iter: 1459  total_loss: 0.2348  loss_cls: 0.05266  loss_box_reg: 0.1386  loss_rpn_cls: 0.008369  loss_rpn_loc: 0.01568  contrastive_loss: 0.02591  time: 0.7577  data_time: 0.0280  lr: 0.02  max_mem: 12937M
[11/19 12:07:49 d2.utils.events]:  eta: 3:51:42  iter: 1479  total_loss: 0.2581  loss_cls: 0.0545  loss_box_reg: 0.1329  loss_rpn_cls: 0.006172  loss_rpn_loc: 0.01588  contrastive_loss: 0.02441  time: 0.7577  data_time: 0.0298  lr: 0.02  max_mem: 12937M
[11/19 12:08:05 d2.utils.events]:  eta: 3:51:28  iter: 1499  total_loss: 0.3424  loss_cls: 0.07519  loss_box_reg: 0.1415  loss_rpn_cls: 0.00887  loss_rpn_loc: 0.01555  contrastive_loss: 0.06533  time: 0.7578  data_time: 0.0301  lr: 0.02  max_mem: 12937M
[11/19 12:08:21 d2.utils.events]:  eta: 3:51:20  iter: 1519  total_loss: 0.4868  loss_cls: 0.09384  loss_box_reg: 0.186  loss_rpn_cls: 0.02008  loss_rpn_loc: 0.02217  contrastive_loss: 0.113  time: 0.7582  data_time: 0.0279  lr: 0.02  max_mem: 12937M
[11/19 12:08:36 d2.utils.events]:  eta: 3:51:05  iter: 1539  total_loss: 0.3918  loss_cls: 0.1031  loss_box_reg: 0.1857  loss_rpn_cls: 0.02191  loss_rpn_loc: 0.02376  contrastive_loss: 0.05283  time: 0.7581  data_time: 0.0257  lr: 0.02  max_mem: 12937M
[11/19 12:08:51 d2.utils.events]:  eta: 3:50:47  iter: 1559  total_loss: 0.3397  loss_cls: 0.08322  loss_box_reg: 0.1824  loss_rpn_cls: 0.01334  loss_rpn_loc: 0.01827  contrastive_loss: 0.03448  time: 0.7580  data_time: 0.0276  lr: 0.02  max_mem: 12937M
[11/19 12:09:06 d2.utils.events]:  eta: 3:50:35  iter: 1579  total_loss: 0.3062  loss_cls: 0.07642  loss_box_reg: 0.1622  loss_rpn_cls: 0.008515  loss_rpn_loc: 0.01729  contrastive_loss: 0.02534  time: 0.7583  data_time: 0.0242  lr: 0.02  max_mem: 12937M
[11/19 12:09:22 d2.utils.events]:  eta: 3:50:22  iter: 1599  total_loss: 0.2875  loss_cls: 0.05971  loss_box_reg: 0.1516  loss_rpn_cls: 0.008245  loss_rpn_loc: 0.01632  contrastive_loss: 0.0337  time: 0.7589  data_time: 0.0272  lr: 0.02  max_mem: 12937M
[11/19 12:09:37 d2.utils.events]:  eta: 3:50:04  iter: 1619  total_loss: 0.254  loss_cls: 0.05831  loss_box_reg: 0.1416  loss_rpn_cls: 0.009109  loss_rpn_loc: 0.01699  contrastive_loss: 0.02739  time: 0.7587  data_time: 0.0256  lr: 0.02  max_mem: 12937M
[11/19 12:09:53 d2.utils.events]:  eta: 3:49:44  iter: 1639  total_loss: 0.2864  loss_cls: 0.06519  loss_box_reg: 0.1582  loss_rpn_cls: 0.00984  loss_rpn_loc: 0.01683  contrastive_loss: 0.02895  time: 0.7588  data_time: 0.0249  lr: 0.02  max_mem: 12937M
[11/19 12:10:08 d2.utils.events]:  eta: 3:49:25  iter: 1659  total_loss: 0.2843  loss_cls: 0.06291  loss_box_reg: 0.1716  loss_rpn_cls: 0.009511  loss_rpn_loc: 0.01842  contrastive_loss: 0.02289  time: 0.7591  data_time: 0.0271  lr: 0.02  max_mem: 12937M
[11/19 12:10:24 d2.utils.events]:  eta: 3:49:05  iter: 1679  total_loss: 0.256  loss_cls: 0.06147  loss_box_reg: 0.1499  loss_rpn_cls: 0.00887  loss_rpn_loc: 0.01527  contrastive_loss: 0.0176  time: 0.7591  data_time: 0.0279  lr: 0.02  max_mem: 12937M
[11/19 12:10:39 d2.utils.events]:  eta: 3:48:53  iter: 1699  total_loss: 0.2914  loss_cls: 0.07098  loss_box_reg: 0.1538  loss_rpn_cls: 0.01157  loss_rpn_loc: 0.01716  contrastive_loss: 0.03005  time: 0.7593  data_time: 0.0309  lr: 0.02  max_mem: 12937M
[11/19 12:10:54 d2.utils.events]:  eta: 3:48:28  iter: 1719  total_loss: 0.2948  loss_cls: 0.07323  loss_box_reg: 0.1603  loss_rpn_cls: 0.01069  loss_rpn_loc: 0.01729  contrastive_loss: 0.02577  time: 0.7590  data_time: 0.0340  lr: 0.02  max_mem: 12937M
[11/19 12:11:09 d2.utils.events]:  eta: 3:48:16  iter: 1739  total_loss: 0.28  loss_cls: 0.05873  loss_box_reg: 0.1624  loss_rpn_cls: 0.01101  loss_rpn_loc: 0.0176  contrastive_loss: 0.02139  time: 0.7591  data_time: 0.0304  lr: 0.02  max_mem: 12937M
[11/19 12:11:25 d2.utils.events]:  eta: 3:48:05  iter: 1759  total_loss: 0.3429  loss_cls: 0.07669  loss_box_reg: 0.1689  loss_rpn_cls: 0.009145  loss_rpn_loc: 0.01981  contrastive_loss: 0.05988  time: 0.7593  data_time: 0.0292  lr: 0.02  max_mem: 12937M
[11/19 12:11:41 d2.utils.events]:  eta: 3:47:50  iter: 1779  total_loss: 0.2803  loss_cls: 0.06451  loss_box_reg: 0.1559  loss_rpn_cls: 0.008447  loss_rpn_loc: 0.01708  contrastive_loss: 0.02966  time: 0.7601  data_time: 0.0272  lr: 0.02  max_mem: 12937M
[11/19 12:11:56 d2.utils.events]:  eta: 3:47:28  iter: 1799  total_loss: 0.2948  loss_cls: 0.06738  loss_box_reg: 0.1644  loss_rpn_cls: 0.01252  loss_rpn_loc: 0.01876  contrastive_loss: 0.04806  time: 0.7600  data_time: 0.0250  lr: 0.02  max_mem: 12937M
[11/19 12:12:11 d2.utils.events]:  eta: 3:47:20  iter: 1819  total_loss: 0.3199  loss_cls: 0.06958  loss_box_reg: 0.1744  loss_rpn_cls: 0.01104  loss_rpn_loc: 0.02015  contrastive_loss: 0.03384  time: 0.7599  data_time: 0.0300  lr: 0.02  max_mem: 12937M
[11/19 12:12:26 d2.utils.events]:  eta: 3:47:05  iter: 1839  total_loss: 0.2618  loss_cls: 0.05638  loss_box_reg: 0.1408  loss_rpn_cls: 0.009643  loss_rpn_loc: 0.01532  contrastive_loss: 0.02733  time: 0.7597  data_time: 0.0280  lr: 0.02  max_mem: 12937M
[11/19 12:12:41 d2.utils.events]:  eta: 3:46:47  iter: 1859  total_loss: 0.2539  loss_cls: 0.05854  loss_box_reg: 0.1439  loss_rpn_cls: 0.00776  loss_rpn_loc: 0.01782  contrastive_loss: 0.01849  time: 0.7594  data_time: 0.0274  lr: 0.02  max_mem: 12937M
[11/19 12:12:55 d2.utils.events]:  eta: 3:46:28  iter: 1879  total_loss: 0.2585  loss_cls: 0.05859  loss_box_reg: 0.1405  loss_rpn_cls: 0.01045  loss_rpn_loc: 0.01664  contrastive_loss: 0.01986  time: 0.7591  data_time: 0.0256  lr: 0.02  max_mem: 12937M
[11/19 12:13:10 d2.utils.events]:  eta: 3:45:59  iter: 1899  total_loss: 0.2705  loss_cls: 0.06304  loss_box_reg: 0.1584  loss_rpn_cls: 0.009512  loss_rpn_loc: 0.01554  contrastive_loss: 0.0165  time: 0.7588  data_time: 0.0242  lr: 0.02  max_mem: 12937M
[11/19 12:13:25 d2.utils.events]:  eta: 3:45:51  iter: 1919  total_loss: 0.2522  loss_cls: 0.05827  loss_box_reg: 0.1473  loss_rpn_cls: 0.01555  loss_rpn_loc: 0.02007  contrastive_loss: 0.01666  time: 0.7587  data_time: 0.0270  lr: 0.02  max_mem: 12937M
[11/19 12:13:40 d2.utils.events]:  eta: 3:45:25  iter: 1939  total_loss: 0.2405  loss_cls: 0.05007  loss_box_reg: 0.1376  loss_rpn_cls: 0.008161  loss_rpn_loc: 0.01719  contrastive_loss: 0.02199  time: 0.7584  data_time: 0.0250  lr: 0.02  max_mem: 12937M
[11/19 12:13:54 d2.utils.events]:  eta: 3:45:12  iter: 1959  total_loss: 0.2455  loss_cls: 0.05343  loss_box_reg: 0.1425  loss_rpn_cls: 0.007825  loss_rpn_loc: 0.015  contrastive_loss: 0.01953  time: 0.7582  data_time: 0.0274  lr: 0.02  max_mem: 12937M
[11/19 12:14:10 d2.utils.events]:  eta: 3:45:04  iter: 1979  total_loss: 0.2503  loss_cls: 0.05688  loss_box_reg: 0.1494  loss_rpn_cls: 0.006513  loss_rpn_loc: 0.01773  contrastive_loss: 0.01934  time: 0.7585  data_time: 0.0277  lr: 0.02  max_mem: 12937M
[11/19 12:14:25 d2.utils.events]:  eta: 3:44:42  iter: 1999  total_loss: 0.2683  loss_cls: 0.05805  loss_box_reg: 0.1573  loss_rpn_cls: 0.008515  loss_rpn_loc: 0.01969  contrastive_loss: 0.01718  time: 0.7582  data_time: 0.0256  lr: 0.02  max_mem: 12937M
[11/19 12:14:41 d2.utils.events]:  eta: 3:44:27  iter: 2019  total_loss: 0.4409  loss_cls: 0.06005  loss_box_reg: 0.144  loss_rpn_cls: 0.006947  loss_rpn_loc: 0.01754  contrastive_loss: 0.2106  time: 0.7588  data_time: 0.0264  lr: 0.02  max_mem: 12941M
[11/19 12:14:56 d2.utils.events]:  eta: 3:44:05  iter: 2039  total_loss: 0.416  loss_cls: 0.06308  loss_box_reg: 0.153  loss_rpn_cls: 0.01508  loss_rpn_loc: 0.0185  contrastive_loss: 0.1372  time: 0.7586  data_time: 0.0287  lr: 0.02  max_mem: 12941M
[11/19 12:15:12 d2.utils.events]:  eta: 3:43:28  iter: 2059  total_loss: 0.3319  loss_cls: 0.05537  loss_box_reg: 0.1471  loss_rpn_cls: 0.02188  loss_rpn_loc: 0.01687  contrastive_loss: 0.09211  time: 0.7590  data_time: 0.0263  lr: 0.02  max_mem: 12941M
[11/19 12:15:27 d2.utils.events]:  eta: 3:43:15  iter: 2079  total_loss: 0.3009  loss_cls: 0.05242  loss_box_reg: 0.1442  loss_rpn_cls: 0.01203  loss_rpn_loc: 0.01656  contrastive_loss: 0.06543  time: 0.7592  data_time: 0.0286  lr: 0.02  max_mem: 12941M
[11/19 12:15:43 d2.utils.events]:  eta: 3:43:11  iter: 2099  total_loss: 0.2827  loss_cls: 0.05388  loss_box_reg: 0.1532  loss_rpn_cls: 0.008271  loss_rpn_loc: 0.01866  contrastive_loss: 0.04692  time: 0.7594  data_time: 0.0272  lr: 0.02  max_mem: 12941M
[11/19 12:15:59 d2.utils.events]:  eta: 3:43:08  iter: 2119  total_loss: 0.2912  loss_cls: 0.055  loss_box_reg: 0.1482  loss_rpn_cls: 0.00718  loss_rpn_loc: 0.01449  contrastive_loss: 0.06606  time: 0.7596  data_time: 0.0267  lr: 0.02  max_mem: 12944M
[11/19 12:16:14 d2.utils.events]:  eta: 3:42:53  iter: 2139  total_loss: 0.294  loss_cls: 0.05836  loss_box_reg: 0.1495  loss_rpn_cls: 0.01154  loss_rpn_loc: 0.01718  contrastive_loss: 0.05051  time: 0.7596  data_time: 0.0258  lr: 0.02  max_mem: 12944M
[11/19 12:16:29 d2.utils.events]:  eta: 3:42:46  iter: 2159  total_loss: 0.3283  loss_cls: 0.06206  loss_box_reg: 0.1717  loss_rpn_cls: 0.01105  loss_rpn_loc: 0.02152  contrastive_loss: 0.04336  time: 0.7595  data_time: 0.0285  lr: 0.02  max_mem: 12944M
[11/19 12:16:44 d2.utils.events]:  eta: 3:42:48  iter: 2179  total_loss: 0.2931  loss_cls: 0.06369  loss_box_reg: 0.1429  loss_rpn_cls: 0.007559  loss_rpn_loc: 0.01446  contrastive_loss: 0.05143  time: 0.7596  data_time: 0.0310  lr: 0.02  max_mem: 12944M
[11/19 12:17:00 d2.utils.events]:  eta: 3:42:35  iter: 2199  total_loss: 0.3097  loss_cls: 0.06663  loss_box_reg: 0.1667  loss_rpn_cls: 0.01001  loss_rpn_loc: 0.02029  contrastive_loss: 0.03051  time: 0.7597  data_time: 0.0325  lr: 0.02  max_mem: 12944M
[11/19 12:17:15 d2.utils.events]:  eta: 3:42:25  iter: 2219  total_loss: 0.2496  loss_cls: 0.05384  loss_box_reg: 0.1342  loss_rpn_cls: 0.007862  loss_rpn_loc: 0.01454  contrastive_loss: 0.03252  time: 0.7598  data_time: 0.0298  lr: 0.02  max_mem: 12944M
[11/19 12:17:30 d2.utils.events]:  eta: 3:42:03  iter: 2239  total_loss: 0.2904  loss_cls: 0.06177  loss_box_reg: 0.1626  loss_rpn_cls: 0.01024  loss_rpn_loc: 0.0199  contrastive_loss: 0.03235  time: 0.7595  data_time: 0.0307  lr: 0.02  max_mem: 12944M
[11/19 12:17:45 d2.utils.events]:  eta: 3:41:39  iter: 2259  total_loss: 0.2797  loss_cls: 0.06004  loss_box_reg: 0.1616  loss_rpn_cls: 0.008565  loss_rpn_loc: 0.0193  contrastive_loss: 0.02834  time: 0.7597  data_time: 0.0269  lr: 0.02  max_mem: 12944M
[11/19 12:18:00 d2.utils.events]:  eta: 3:41:22  iter: 2279  total_loss: 0.2794  loss_cls: 0.06067  loss_box_reg: 0.1658  loss_rpn_cls: 0.01135  loss_rpn_loc: 0.01881  contrastive_loss: 0.0318  time: 0.7594  data_time: 0.0298  lr: 0.02  max_mem: 12944M
[11/19 12:18:14 d2.utils.events]:  eta: 3:41:07  iter: 2299  total_loss: 0.3002  loss_cls: 0.0644  loss_box_reg: 0.1732  loss_rpn_cls: 0.01173  loss_rpn_loc: 0.01715  contrastive_loss: 0.02582  time: 0.7592  data_time: 0.0293  lr: 0.02  max_mem: 12944M
[11/19 12:18:30 d2.utils.events]:  eta: 3:40:51  iter: 2319  total_loss: 0.4155  loss_cls: 0.1019  loss_box_reg: 0.1774  loss_rpn_cls: 0.02432  loss_rpn_loc: 0.02365  contrastive_loss: 0.06733  time: 0.7593  data_time: 0.0250  lr: 0.02  max_mem: 12944M
[11/19 12:18:45 d2.utils.events]:  eta: 3:40:43  iter: 2339  total_loss: 0.3373  loss_cls: 0.07892  loss_box_reg: 0.192  loss_rpn_cls: 0.0165  loss_rpn_loc: 0.02496  contrastive_loss: 0.0344  time: 0.7592  data_time: 0.0260  lr: 0.02  max_mem: 12944M
[11/19 12:19:01 d2.utils.events]:  eta: 3:40:36  iter: 2359  total_loss: 0.2657  loss_cls: 0.06066  loss_box_reg: 0.1463  loss_rpn_cls: 0.009067  loss_rpn_loc: 0.01832  contrastive_loss: 0.02783  time: 0.7594  data_time: 0.0250  lr: 0.02  max_mem: 12944M
[11/19 12:19:15 d2.utils.events]:  eta: 3:40:16  iter: 2379  total_loss: 0.2788  loss_cls: 0.0611  loss_box_reg: 0.1563  loss_rpn_cls: 0.009467  loss_rpn_loc: 0.01884  contrastive_loss: 0.02691  time: 0.7592  data_time: 0.0266  lr: 0.02  max_mem: 12944M
[11/19 12:19:30 d2.utils.events]:  eta: 3:40:00  iter: 2399  total_loss: 0.2533  loss_cls: 0.05694  loss_box_reg: 0.1443  loss_rpn_cls: 0.006748  loss_rpn_loc: 0.01485  contrastive_loss: 0.0269  time: 0.7590  data_time: 0.0272  lr: 0.02  max_mem: 12944M
[11/19 12:19:45 d2.utils.events]:  eta: 3:39:48  iter: 2419  total_loss: 0.2756  loss_cls: 0.057  loss_box_reg: 0.153  loss_rpn_cls: 0.009935  loss_rpn_loc: 0.01828  contrastive_loss: 0.02591  time: 0.7591  data_time: 0.0278  lr: 0.02  max_mem: 12944M
[11/19 12:20:01 d2.utils.events]:  eta: 3:39:40  iter: 2439  total_loss: 0.2702  loss_cls: 0.05694  loss_box_reg: 0.1613  loss_rpn_cls: 0.007904  loss_rpn_loc: 0.01836  contrastive_loss: 0.02311  time: 0.7593  data_time: 0.0311  lr: 0.02  max_mem: 12944M
[11/19 12:20:17 d2.utils.events]:  eta: 3:39:26  iter: 2459  total_loss: 0.2841  loss_cls: 0.06036  loss_box_reg: 0.1559  loss_rpn_cls: 0.006902  loss_rpn_loc: 0.01442  contrastive_loss: 0.02775  time: 0.7595  data_time: 0.0306  lr: 0.02  max_mem: 12944M
[11/19 12:20:32 d2.utils.events]:  eta: 3:39:15  iter: 2479  total_loss: 0.2531  loss_cls: 0.05291  loss_box_reg: 0.1414  loss_rpn_cls: 0.008028  loss_rpn_loc: 0.01659  contrastive_loss: 0.02434  time: 0.7596  data_time: 0.0281  lr: 0.02  max_mem: 12944M
[11/19 12:20:48 d2.utils.events]:  eta: 3:39:06  iter: 2499  total_loss: 0.2405  loss_cls: 0.05196  loss_box_reg: 0.1376  loss_rpn_cls: 0.006791  loss_rpn_loc: 0.01656  contrastive_loss: 0.02362  time: 0.7597  data_time: 0.0302  lr: 0.02  max_mem: 12944M
[11/19 12:21:03 d2.utils.events]:  eta: 3:38:51  iter: 2519  total_loss: 0.2576  loss_cls: 0.05984  loss_box_reg: 0.1579  loss_rpn_cls: 0.007682  loss_rpn_loc: 0.01694  contrastive_loss: 0.01783  time: 0.7598  data_time: 0.0297  lr: 0.02  max_mem: 12944M
[11/19 12:21:18 d2.utils.events]:  eta: 3:38:30  iter: 2539  total_loss: 0.2722  loss_cls: 0.06246  loss_box_reg: 0.1484  loss_rpn_cls: 0.009776  loss_rpn_loc: 0.01371  contrastive_loss: 0.0353  time: 0.7598  data_time: 0.0289  lr: 0.02  max_mem: 12944M
[11/19 12:21:34 d2.utils.events]:  eta: 3:38:17  iter: 2559  total_loss: 0.2705  loss_cls: 0.06162  loss_box_reg: 0.1447  loss_rpn_cls: 0.00854  loss_rpn_loc: 0.01533  contrastive_loss: 0.02662  time: 0.7600  data_time: 0.0311  lr: 0.02  max_mem: 12944M
[11/19 12:21:49 d2.utils.events]:  eta: 3:37:56  iter: 2579  total_loss: 0.2772  loss_cls: 0.06043  loss_box_reg: 0.1577  loss_rpn_cls: 0.008044  loss_rpn_loc: 0.01862  contrastive_loss: 0.01868  time: 0.7599  data_time: 0.0316  lr: 0.02  max_mem: 12944M
[11/19 12:22:04 d2.utils.events]:  eta: 3:37:38  iter: 2599  total_loss: 0.2663  loss_cls: 0.06057  loss_box_reg: 0.155  loss_rpn_cls: 0.008287  loss_rpn_loc: 0.01787  contrastive_loss: 0.02057  time: 0.7598  data_time: 0.0305  lr: 0.02  max_mem: 12944M
[11/19 12:22:19 d2.utils.events]:  eta: 3:37:25  iter: 2619  total_loss: 0.27  loss_cls: 0.05689  loss_box_reg: 0.1586  loss_rpn_cls: 0.008775  loss_rpn_loc: 0.0182  contrastive_loss: 0.02111  time: 0.7597  data_time: 0.0293  lr: 0.02  max_mem: 12944M
[11/19 12:22:34 d2.utils.events]:  eta: 3:37:08  iter: 2639  total_loss: 0.245  loss_cls: 0.04982  loss_box_reg: 0.1404  loss_rpn_cls: 0.007517  loss_rpn_loc: 0.01657  contrastive_loss: 0.02038  time: 0.7598  data_time: 0.0311  lr: 0.02  max_mem: 12944M
[11/19 12:22:50 d2.utils.events]:  eta: 3:36:55  iter: 2659  total_loss: 0.2903  loss_cls: 0.06553  loss_box_reg: 0.172  loss_rpn_cls: 0.009621  loss_rpn_loc: 0.01941  contrastive_loss: 0.01895  time: 0.7598  data_time: 0.0316  lr: 0.02  max_mem: 12944M
[11/19 12:23:05 d2.utils.events]:  eta: 3:36:41  iter: 2679  total_loss: 0.2619  loss_cls: 0.05318  loss_box_reg: 0.1573  loss_rpn_cls: 0.007501  loss_rpn_loc: 0.01638  contrastive_loss: 0.02172  time: 0.7597  data_time: 0.0300  lr: 0.02  max_mem: 12944M
[11/19 12:23:20 d2.utils.events]:  eta: 3:36:30  iter: 2699  total_loss: 0.2529  loss_cls: 0.05031  loss_box_reg: 0.1476  loss_rpn_cls: 0.007746  loss_rpn_loc: 0.01663  contrastive_loss: 0.0224  time: 0.7597  data_time: 0.0296  lr: 0.02  max_mem: 12944M
[11/19 12:23:35 d2.utils.events]:  eta: 3:36:23  iter: 2719  total_loss: 0.2415  loss_cls: 0.05753  loss_box_reg: 0.141  loss_rpn_cls: 0.005658  loss_rpn_loc: 0.01452  contrastive_loss: 0.02062  time: 0.7597  data_time: 0.0282  lr: 0.02  max_mem: 12944M
[11/19 12:23:50 d2.utils.events]:  eta: 3:36:12  iter: 2739  total_loss: 0.2367  loss_cls: 0.04771  loss_box_reg: 0.1354  loss_rpn_cls: 0.007467  loss_rpn_loc: 0.0184  contrastive_loss: 0.01821  time: 0.7598  data_time: 0.0409  lr: 0.02  max_mem: 12944M
[11/19 12:24:06 d2.utils.events]:  eta: 3:35:53  iter: 2759  total_loss: 0.2056  loss_cls: 0.04346  loss_box_reg: 0.1161  loss_rpn_cls: 0.005902  loss_rpn_loc: 0.01675  contrastive_loss: 0.01831  time: 0.7599  data_time: 0.0319  lr: 0.02  max_mem: 12944M
[11/19 12:24:21 d2.utils.events]:  eta: 3:35:26  iter: 2779  total_loss: 0.2381  loss_cls: 0.05025  loss_box_reg: 0.1461  loss_rpn_cls: 0.005663  loss_rpn_loc: 0.01687  contrastive_loss: 0.02067  time: 0.7597  data_time: 0.0293  lr: 0.02  max_mem: 12944M
[11/19 12:24:37 d2.utils.events]:  eta: 3:35:23  iter: 2799  total_loss: 0.2283  loss_cls: 0.04958  loss_box_reg: 0.1359  loss_rpn_cls: 0.005818  loss_rpn_loc: 0.01352  contrastive_loss: 0.01702  time: 0.7601  data_time: 0.0300  lr: 0.02  max_mem: 12944M
